#
# There is insufficient memory for the Java Runtime Environment to continue.
# Native memory allocation (malloc) failed to allocate 363376 bytes for Chunk::new
# Possible reasons:
#   The system is out of physical RAM or swap space
#   The process is running with CompressedOops enabled, and the Java Heap may be blocking the growth of the native heap
# Possible solutions:
#   Reduce memory load on the system
#   Increase physical memory or swap space
#   Check if swap backing store is full
#   Decrease Java heap size (-Xmx/-Xms)
#   Decrease number of Java threads
#   Decrease Java thread stack sizes (-Xss)
#   Set larger code cache with -XX:ReservedCodeCacheSize=
#   JVM is running with Unscaled Compressed Oops mode in which the Java heap is
#     placed in the first 4GB address space. The Java Heap base address is the
#     maximum limit for the native heap growth. Please use -XX:HeapBaseMinAddress
#     to set the Java Heap base and to place the Java Heap above 4GB virtual address.
# This output file may be truncated or incomplete.
#
#  Out of Memory Error (./src/hotspot/share/memory/arena.cpp:197), pid=9724, tid=10488
#
# JRE version: OpenJDK Runtime Environment (11.0.12+7) (build 11.0.12+7-b1504.28-7817840)
# Java VM: OpenJDK 64-Bit Server VM (11.0.12+7-b1504.28-7817840, mixed mode, tiered, compressed oops, g1 gc, windows-amd64)
# No core dump will be written. Minidumps are not enabled by default on client versions of Windows
#

---------------  S U M M A R Y ------------

Command Line: --add-opens=java.base/java.util=ALL-UNNAMED --add-opens=java.base/java.lang=ALL-UNNAMED --add-opens=java.base/java.lang.invoke=ALL-UNNAMED --add-opens=java.base/java.util=ALL-UNNAMED --add-opens=java.prefs/java.util.prefs=ALL-UNNAMED --add-opens=java.prefs/java.util.prefs=ALL-UNNAMED --add-opens=java.base/java.nio.charset=ALL-UNNAMED --add-opens=java.base/java.net=ALL-UNNAMED --add-opens=java.base/java.util.concurrent.atomic=ALL-UNNAMED -Xmx2048m -Dfile.encoding=UTF-8 -Duser.country=US -Duser.language=en -Duser.variant org.gradle.launcher.daemon.bootstrap.GradleDaemon 7.3.3

Host: Intel(R) Core(TM) i5-3230M CPU @ 2.60GHz, 4 cores, 7G,  Windows 10 , 64 bit Build 19041 (10.0.19041.1889)
Time: Mon Sep  5 22:20:40 2022 Arab Standard Time elapsed time: 35.743379 seconds (0d 0h 0m 35s)

---------------  T H R E A D  ---------------

Current thread (0x000001a43ccb0000):  JavaThread "C2 CompilerThread0" daemon [_thread_in_native, id=10488, stack(0x0000007ed5600000,0x0000007ed5700000)]


Current CompileTask:
C2:  35743 8375       4       org.gradle.internal.serialize.kryo.StringDeduplicatingKryoBackedEncoder::writeNullableString (114 bytes)

Stack: [0x0000007ed5600000,0x0000007ed5700000]
Native frames: (J=compiled Java code, j=interpreted, Vv=VM code, C=native code)
V  [jvm.dll+0x5fbcea]
V  [jvm.dll+0x731905]
V  [jvm.dll+0x732f1d]
V  [jvm.dll+0x7335d3]
V  [jvm.dll+0x247bf8]
V  [jvm.dll+0xc018c]
V  [jvm.dll+0xc06cc]
V  [jvm.dll+0x2bcc04]
V  [jvm.dll+0x5113a8]
V  [jvm.dll+0x201c5a]
V  [jvm.dll+0x1ff71f]
V  [jvm.dll+0x18868c]
V  [jvm.dll+0x20e0d7]
V  [jvm.dll+0x20c901]
V  [jvm.dll+0x6f9b7f]
V  [jvm.dll+0x6f26a5]
V  [jvm.dll+0x5fabf6]
C  [ucrtbase.dll+0x21bb2]
C  [KERNEL32.DLL+0x17034]
C  [ntdll.dll+0x52651]


---------------  P R O C E S S  ---------------

Threads class SMR info:
_java_thread_list=0x000001a446f3c5d0, length=85, elements={
0x000001a42309e000, 0x000001a43cc8b800, 0x000001a43cc8d000, 0x000001a43cca8800,
0x000001a43ccab000, 0x000001a43ccad000, 0x000001a43ccb0000, 0x000001a43ccb4800,
0x000001a43ccdb800, 0x000001a43d772800, 0x000001a43f7ca800, 0x000001a43ef05800,
0x000001a4402d3000, 0x000001a43f06d000, 0x000001a43f109000, 0x000001a43f420800,
0x000001a43f10a000, 0x000001a43fabb000, 0x000001a43f0eb800, 0x000001a43f6ff000,
0x000001a43f6fd000, 0x000001a43f6fd800, 0x000001a43f6fe800, 0x000001a43f700000,
0x000001a43f701000, 0x000001a43f701800, 0x000001a43f6fc000, 0x000001a43f702800,
0x000001a43e590800, 0x000001a43e592000, 0x000001a43e593000, 0x000001a43e58e000,
0x000001a43e594800, 0x000001a43e591800, 0x000001a43e596800, 0x000001a43e599800,
0x000001a43e597000, 0x000001a43e595800, 0x000001a43e594000, 0x000001a43e59a800,
0x000001a43e59b000, 0x000001a43e598000, 0x000001a43e59c000, 0x000001a43e598800,
0x000001a442735000, 0x000001a442739000, 0x000001a442734800, 0x000001a442737800,
0x000001a44273a000, 0x000001a44273b000, 0x000001a442736000, 0x000001a44273c800,
0x000001a442738800, 0x000001a44273b800, 0x000001a442736800, 0x000001a442743000,
0x000001a44273f000, 0x000001a44273e000, 0x000001a44273d800, 0x000001a442742000,
0x000001a44273f800, 0x000001a442741800, 0x000001a442740800, 0x000001a43dbe1000,
0x000001a43dbe4000, 0x000001a43dbe0000, 0x000001a43dbe1800, 0x000001a43dbe2800,
0x000001a43dbdf000, 0x000001a43dbe3800, 0x000001a43dbe5000, 0x000001a43dbe6000,
0x000001a442815000, 0x000001a442813000, 0x000001a442812800, 0x000001a442815800,
0x000001a442817800, 0x000001a442816800, 0x000001a442819000, 0x000001a44281a000,
0x000001a442814000, 0x000001a44281c000, 0x000001a44281f800, 0x000001a44281d000,
0x000001a44281e000
}

Java Threads: ( => current thread )
  0x000001a42309e000 JavaThread "main" [_thread_blocked, id=11184, stack(0x0000007ed4a00000,0x0000007ed4b00000)]
  0x000001a43cc8b800 JavaThread "Reference Handler" daemon [_thread_blocked, id=6544, stack(0x0000007ed5100000,0x0000007ed5200000)]
  0x000001a43cc8d000 JavaThread "Finalizer" daemon [_thread_blocked, id=6104, stack(0x0000007ed5200000,0x0000007ed5300000)]
  0x000001a43cca8800 JavaThread "Signal Dispatcher" daemon [_thread_blocked, id=1344, stack(0x0000007ed5300000,0x0000007ed5400000)]
  0x000001a43ccab000 JavaThread "Attach Listener" daemon [_thread_blocked, id=13560, stack(0x0000007ed5400000,0x0000007ed5500000)]
  0x000001a43ccad000 JavaThread "Service Thread" daemon [_thread_blocked, id=9956, stack(0x0000007ed5500000,0x0000007ed5600000)]
=>0x000001a43ccb0000 JavaThread "C2 CompilerThread0" daemon [_thread_in_native, id=10488, stack(0x0000007ed5600000,0x0000007ed5700000)]
  0x000001a43ccb4800 JavaThread "C1 CompilerThread0" daemon [_thread_in_vm, id=13280, stack(0x0000007ed5700000,0x0000007ed5800000)]
  0x000001a43ccdb800 JavaThread "Sweeper thread" daemon [_thread_blocked, id=13924, stack(0x0000007ed5800000,0x0000007ed5900000)]
  0x000001a43d772800 JavaThread "Common-Cleaner" daemon [_thread_blocked, id=4880, stack(0x0000007ed5900000,0x0000007ed5a00000)]
  0x000001a43f7ca800 JavaThread "Daemon health stats" [_thread_blocked, id=9544, stack(0x0000007ed5e00000,0x0000007ed5f00000)]
  0x000001a43ef05800 JavaThread "Incoming local TCP Connector on port 64059" [_thread_in_native, id=4976, stack(0x0000007ed5d00000,0x0000007ed5e00000)]
  0x000001a4402d3000 JavaThread "Daemon periodic checks" [_thread_blocked, id=14216, stack(0x0000007ed5f00000,0x0000007ed6000000)]
  0x000001a43f06d000 JavaThread "Daemon" [_thread_blocked, id=8652, stack(0x0000007ed6000000,0x0000007ed6100000)]
  0x000001a43f109000 JavaThread "Handler for socket connection from /127.0.0.1:64059 to /127.0.0.1:64060" [_thread_in_native, id=2116, stack(0x0000007ed6100000,0x0000007ed6200000)]
  0x000001a43f420800 JavaThread "Cancel handler" [_thread_blocked, id=6568, stack(0x0000007ed6200000,0x0000007ed6300000)]
  0x000001a43f10a000 JavaThread "Daemon worker" [_thread_blocked, id=7884, stack(0x0000007ed6300000,0x0000007ed6400000)]
  0x000001a43fabb000 JavaThread "Asynchronous log dispatcher for DefaultDaemonConnection: socket connection from /127.0.0.1:64059 to /127.0.0.1:64060" [_thread_blocked, id=14144, stack(0x0000007ed6400000,0x0000007ed6500000)]
  0x000001a43f0eb800 JavaThread "Stdin handler" [_thread_blocked, id=3336, stack(0x0000007ed6500000,0x0000007ed6600000)]
  0x000001a43f6ff000 JavaThread "Daemon client event forwarder" [_thread_blocked, id=10116, stack(0x0000007ed6600000,0x0000007ed6700000)]
  0x000001a43f6fd000 JavaThread "Cache worker for journal cache (C:\Users\hp\.gradle\caches\journal-1)" [_thread_blocked, id=3412, stack(0x0000007ed6800000,0x0000007ed6900000)]
  0x000001a43f6fd800 JavaThread "File lock request listener" [_thread_in_native, id=2980, stack(0x0000007ed6900000,0x0000007ed6a00000)]
  0x000001a43f6fe800 JavaThread "Cache worker for file hash cache (C:\Users\hp\.gradle\caches\7.3.3\fileHashes)" [_thread_blocked, id=5972, stack(0x0000007ed6a00000,0x0000007ed6b00000)]
  0x000001a43f700000 JavaThread "Cache worker for file hash cache (C:\SQLite\.gradle\7.3.3\fileHashes)" [_thread_blocked, id=10664, stack(0x0000007ed6c00000,0x0000007ed6d00000)]
  0x000001a43f701000 JavaThread "File watcher server" daemon [_thread_in_native, id=12692, stack(0x0000007ed6d00000,0x0000007ed6e00000)]
  0x000001a43f701800 JavaThread "File watcher consumer" daemon [_thread_blocked, id=8964, stack(0x0000007ed6e00000,0x0000007ed6f00000)]
  0x000001a43f6fc000 JavaThread "Cache worker for checksums cache (C:\SQLite\.gradle\7.3.3\checksums)" [_thread_blocked, id=5236, stack(0x0000007ed6b00000,0x0000007ed6c00000)]
  0x000001a43f702800 JavaThread "Cache worker for cache directory md-supplier (C:\Users\hp\.gradle\caches\7.3.3\md-supplier)" [_thread_blocked, id=13584, stack(0x0000007ed6f00000,0x0000007ed7000000)]
  0x000001a43e590800 JavaThread "Cache worker for cache directory md-rule (C:\Users\hp\.gradle\caches\7.3.3\md-rule)" [_thread_blocked, id=8872, stack(0x0000007ed7100000,0x0000007ed7200000)]
  0x000001a43e592000 JavaThread "Cache worker for execution history cache (C:\Users\hp\.gradle\caches\7.3.3\executionHistory)" [_thread_blocked, id=7652, stack(0x0000007ed7200000,0x0000007ed7300000)]
  0x000001a43e593000 JavaThread "jar transforms" [_thread_blocked, id=1184, stack(0x0000007ed7300000,0x0000007ed7400000)]
  0x000001a43e58e000 JavaThread "Cache worker for file content cache (C:\Users\hp\.gradle\caches\7.3.3\fileContent)" [_thread_blocked, id=860, stack(0x0000007ed7400000,0x0000007ed7500000)]
  0x000001a43e594800 JavaThread "jar transforms Thread 2" [_thread_blocked, id=2236, stack(0x0000007ed7500000,0x0000007ed7600000)]
  0x000001a43e591800 JavaThread "Cache worker for dependencies-accessors (C:\SQLite\.gradle\7.3.3\dependencies-accessors)" [_thread_blocked, id=3004, stack(0x0000007ed7600000,0x0000007ed7700000)]
  0x000001a43e596800 JavaThread "jar transforms Thread 3" [_thread_blocked, id=12948, stack(0x0000007ed7700000,0x0000007ed7800000)]
  0x000001a43e599800 JavaThread "Cache worker for Build Output Cleanup Cache (C:\SQLite\.gradle\buildOutputCleanup)" [_thread_blocked, id=1492, stack(0x0000007ed7000000,0x0000007ed7100000)]
  0x000001a43e597000 JavaThread "Unconstrained build operations" [_thread_blocked, id=7692, stack(0x0000007ed7900000,0x0000007ed7a00000)]
  0x000001a43e595800 JavaThread "Unconstrained build operations Thread 2" [_thread_blocked, id=204, stack(0x0000007ed7a00000,0x0000007ed7b00000)]
  0x000001a43e594000 JavaThread "Unconstrained build operations Thread 3" [_thread_blocked, id=8316, stack(0x0000007ed7b00000,0x0000007ed7c00000)]
  0x000001a43e59a800 JavaThread "Unconstrained build operations Thread 4" [_thread_blocked, id=4860, stack(0x0000007ed7c00000,0x0000007ed7d00000)]
  0x000001a43e59b000 JavaThread "Unconstrained build operations Thread 5" [_thread_blocked, id=6108, stack(0x0000007ed7d00000,0x0000007ed7e00000)]
  0x000001a43e598000 JavaThread "Unconstrained build operations Thread 6" [_thread_blocked, id=13080, stack(0x0000007ed7e00000,0x0000007ed7f00000)]
  0x000001a43e59c000 JavaThread "Unconstrained build operations Thread 7" [_thread_blocked, id=9472, stack(0x0000007ed7f00000,0x0000007ed8000000)]
  0x000001a43e598800 JavaThread "Unconstrained build operations Thread 8" [_thread_blocked, id=14164, stack(0x0000007ed8000000,0x0000007ed8100000)]
  0x000001a442735000 JavaThread "Unconstrained build operations Thread 9" [_thread_blocked, id=2476, stack(0x0000007ed8100000,0x0000007ed8200000)]
  0x000001a442739000 JavaThread "Unconstrained build operations Thread 10" [_thread_blocked, id=6448, stack(0x0000007ed8200000,0x0000007ed8300000)]
  0x000001a442734800 JavaThread "Unconstrained build operations Thread 11" [_thread_blocked, id=4356, stack(0x0000007ed8300000,0x0000007ed8400000)]
  0x000001a442737800 JavaThread "Unconstrained build operations Thread 12" [_thread_blocked, id=6124, stack(0x0000007ed8400000,0x0000007ed8500000)]
  0x000001a44273a000 JavaThread "Unconstrained build operations Thread 13" [_thread_blocked, id=8292, stack(0x0000007ed8500000,0x0000007ed8600000)]
  0x000001a44273b000 JavaThread "Unconstrained build operations Thread 14" [_thread_blocked, id=1068, stack(0x0000007ed8600000,0x0000007ed8700000)]
  0x000001a442736000 JavaThread "Unconstrained build operations Thread 15" [_thread_blocked, id=9864, stack(0x0000007ed8700000,0x0000007ed8800000)]
  0x000001a44273c800 JavaThread "Unconstrained build operations Thread 16" [_thread_blocked, id=13292, stack(0x0000007ed8800000,0x0000007ed8900000)]
  0x000001a442738800 JavaThread "Unconstrained build operations Thread 17" [_thread_blocked, id=11564, stack(0x0000007ed8900000,0x0000007ed8a00000)]
  0x000001a44273b800 JavaThread "Unconstrained build operations Thread 18" [_thread_blocked, id=8224, stack(0x0000007ed8a00000,0x0000007ed8b00000)]
  0x000001a442736800 JavaThread "Unconstrained build operations Thread 19" [_thread_blocked, id=2032, stack(0x0000007ed8b00000,0x0000007ed8c00000)]
  0x000001a442743000 JavaThread "Unconstrained build operations Thread 20" [_thread_blocked, id=2052, stack(0x0000007ed8c00000,0x0000007ed8d00000)]
  0x000001a44273f000 JavaThread "Unconstrained build operations Thread 21" [_thread_blocked, id=10332, stack(0x0000007ed8d00000,0x0000007ed8e00000)]
  0x000001a44273e000 JavaThread "Unconstrained build operations Thread 22" [_thread_blocked, id=3848, stack(0x0000007ed8e00000,0x0000007ed8f00000)]
  0x000001a44273d800 JavaThread "Unconstrained build operations Thread 23" [_thread_blocked, id=7952, stack(0x0000007ed8f00000,0x0000007ed9000000)]
  0x000001a442742000 JavaThread "Unconstrained build operations Thread 24" [_thread_blocked, id=13084, stack(0x0000007ed9000000,0x0000007ed9100000)]
  0x000001a44273f800 JavaThread "Unconstrained build operations Thread 25" [_thread_blocked, id=2652, stack(0x0000007ed9100000,0x0000007ed9200000)]
  0x000001a442741800 JavaThread "Unconstrained build operations Thread 26" [_thread_blocked, id=8424, stack(0x0000007ed9200000,0x0000007ed9300000)]
  0x000001a442740800 JavaThread "Unconstrained build operations Thread 27" [_thread_blocked, id=10092, stack(0x0000007ed9300000,0x0000007ed9400000)]
  0x000001a43dbe1000 JavaThread "Unconstrained build operations Thread 28" [_thread_blocked, id=10124, stack(0x0000007ed9400000,0x0000007ed9500000)]
  0x000001a43dbe4000 JavaThread "Unconstrained build operations Thread 29" [_thread_blocked, id=13684, stack(0x0000007ed9500000,0x0000007ed9600000)]
  0x000001a43dbe0000 JavaThread "Unconstrained build operations Thread 30" [_thread_blocked, id=1720, stack(0x0000007ed9600000,0x0000007ed9700000)]
  0x000001a43dbe1800 JavaThread "Unconstrained build operations Thread 31" [_thread_blocked, id=9360, stack(0x0000007ed9700000,0x0000007ed9800000)]
  0x000001a43dbe2800 JavaThread "Unconstrained build operations Thread 32" [_thread_blocked, id=5108, stack(0x0000007ed9800000,0x0000007ed9900000)]
  0x000001a43dbdf000 JavaThread "Unconstrained build operations Thread 33" [_thread_blocked, id=9300, stack(0x0000007ed9900000,0x0000007ed9a00000)]
  0x000001a43dbe3800 JavaThread "Unconstrained build operations Thread 34" [_thread_blocked, id=5968, stack(0x0000007ed9a00000,0x0000007ed9b00000)]
  0x000001a43dbe5000 JavaThread "Unconstrained build operations Thread 35" [_thread_blocked, id=2636, stack(0x0000007ed9b00000,0x0000007ed9c00000)]
  0x000001a43dbe6000 JavaThread "Unconstrained build operations Thread 36" [_thread_blocked, id=5636, stack(0x0000007ed9c00000,0x0000007ed9d00000)]
  0x000001a442815000 JavaThread "Unconstrained build operations Thread 37" [_thread_blocked, id=10032, stack(0x0000007ed9d00000,0x0000007ed9e00000)]
  0x000001a442813000 JavaThread "Unconstrained build operations Thread 38" [_thread_blocked, id=1724, stack(0x0000007ed9e00000,0x0000007ed9f00000)]
  0x000001a442812800 JavaThread "Unconstrained build operations Thread 39" [_thread_blocked, id=6192, stack(0x0000007ed9f00000,0x0000007eda000000)]
  0x000001a442815800 JavaThread "Unconstrained build operations Thread 40" [_thread_blocked, id=6772, stack(0x0000007eda000000,0x0000007eda100000)]
  0x000001a442817800 JavaThread "jar transforms Thread 4" [_thread_blocked, id=5012, stack(0x0000007eda100000,0x0000007eda200000)]
  0x000001a442816800 JavaThread "Memory manager" [_thread_blocked, id=2568, stack(0x0000007ed7800000,0x0000007ed7900000)]
  0x000001a442819000 JavaThread "build event listener" [_thread_blocked, id=12484, stack(0x0000007eda300000,0x0000007eda400000)]
  0x000001a44281a000 JavaThread "pool-3-thread-1" [_thread_blocked, id=13696, stack(0x0000007eda200000,0x0000007eda300000)]
  0x000001a442814000 JavaThread "build event listener" [_thread_blocked, id=14228, stack(0x0000007eda400000,0x0000007eda500000)]
  0x000001a44281c000 JavaThread "Execution worker for ':'" [_thread_in_native, id=7784, stack(0x0000007eda500000,0x0000007eda600000)]
  0x000001a44281f800 JavaThread "Execution worker for ':' Thread 2" [_thread_blocked, id=14316, stack(0x0000007eda600000,0x0000007eda700000)]
  0x000001a44281d000 JavaThread "Execution worker for ':' Thread 3" [_thread_blocked, id=5448, stack(0x0000007eda700000,0x0000007eda800000)]
  0x000001a44281e000 JavaThread "Cache worker for execution history cache (C:\SQLite\.gradle\7.3.3\executionHistory)" [_thread_blocked, id=1204, stack(0x0000007eda800000,0x0000007eda900000)]

Other Threads:
  0x000001a43cc87000 VMThread "VM Thread" [stack: 0x0000007ed5000000,0x0000007ed5100000] [id=10824]
  0x000001a43d797800 WatcherThread [stack: 0x0000007ed5a00000,0x0000007ed5b00000] [id=5104]
  0x000001a4230b3000 GCTaskThread "GC Thread#0" [stack: 0x0000007ed4b00000,0x0000007ed4c00000] [id=2844]
  0x000001a43d833800 GCTaskThread "GC Thread#1" [stack: 0x0000007ed5b00000,0x0000007ed5c00000] [id=9996]
  0x000001a43e238800 GCTaskThread "GC Thread#2" [stack: 0x0000007ed5c00000,0x0000007ed5d00000] [id=4892]
  0x000001a43f162000 GCTaskThread "GC Thread#3" [stack: 0x0000007ed6700000,0x0000007ed6800000] [id=1980]
  0x000001a4230e3000 ConcurrentGCThread "G1 Main Marker" [stack: 0x0000007ed4c00000,0x0000007ed4d00000] [id=11744]
  0x000001a4230e5800 ConcurrentGCThread "G1 Conc#0" [stack: 0x0000007ed4d00000,0x0000007ed4e00000] [id=8328]
  0x000001a423175000 ConcurrentGCThread "G1 Refine#0" [stack: 0x0000007ed4e00000,0x0000007ed4f00000] [id=13824]
  0x000001a423176000 ConcurrentGCThread "G1 Young RemSet Sampling" [stack: 0x0000007ed4f00000,0x0000007ed5000000] [id=11828]

Threads with active compile tasks:
C2 CompilerThread0  35812 8375       4       org.gradle.internal.serialize.kryo.StringDeduplicatingKryoBackedEncoder::writeNullableString (114 bytes)

VM state:not at safepoint (normal execution)

VM Mutex/Monitor currently owned by a thread: None

Heap address: 0x0000000080000000, size: 2048 MB, Compressed Oops mode: 32-bit
Narrow klass base: 0x0000000000000000, Narrow klass shift: 3
Compressed class space size: 1073741824 Address: 0x0000000100000000

Heap:
 garbage-first heap   total 190464K, used 79757K [0x0000000080000000, 0x0000000100000000)
  region size 1024K, 24 young (24576K), 10 survivors (10240K)
 Metaspace       used 83549K, capacity 85561K, committed 85624K, reserved 1124352K
  class space    used 10846K, capacity 11613K, committed 11640K, reserved 1048576K
Heap Regions: E=young(eden), S=young(survivor), O=old, HS=humongous(starts), HC=humongous(continues), CS=collection set, F=free, A=archive, TAMS=top-at-mark-start (previous, next)
|   0|0x0000000080000000, 0x0000000080100000, 0x0000000080100000|100%| O|  |TAMS 0x0000000080100000, 0x0000000080000000| Untracked 
|   1|0x0000000080100000, 0x0000000080200000, 0x0000000080200000|100%| O|  |TAMS 0x0000000080200000, 0x0000000080100000| Untracked 
|   2|0x0000000080200000, 0x0000000080300000, 0x0000000080300000|100%| O|  |TAMS 0x0000000080300000, 0x0000000080200000| Untracked 
|   3|0x0000000080300000, 0x0000000080400000, 0x0000000080400000|100%|HS|  |TAMS 0x0000000080400000, 0x0000000080300000| Complete 
|   4|0x0000000080400000, 0x0000000080500000, 0x0000000080500000|100%|HC|  |TAMS 0x0000000080500000, 0x0000000080400000| Complete 
|   5|0x0000000080500000, 0x0000000080600000, 0x0000000080600000|100%|HC|  |TAMS 0x0000000080600000, 0x0000000080500000| Complete 
|   6|0x0000000080600000, 0x0000000080700000, 0x0000000080700000|100%| O|  |TAMS 0x0000000080700000, 0x0000000080600000| Untracked 
|   7|0x0000000080700000, 0x0000000080800000, 0x0000000080800000|100%| O|  |TAMS 0x0000000080800000, 0x0000000080700000| Untracked 
|   8|0x0000000080800000, 0x0000000080900000, 0x0000000080900000|100%| O|  |TAMS 0x0000000080900000, 0x0000000080800000| Untracked 
|   9|0x0000000080900000, 0x0000000080a00000, 0x0000000080a00000|100%| O|  |TAMS 0x0000000080a00000, 0x0000000080900000| Untracked 
|  10|0x0000000080a00000, 0x0000000080b00000, 0x0000000080b00000|100%| O|  |TAMS 0x0000000080b00000, 0x0000000080a00000| Untracked 
|  11|0x0000000080b00000, 0x0000000080c00000, 0x0000000080c00000|100%| O|  |TAMS 0x0000000080c00000, 0x0000000080b00000| Untracked 
|  12|0x0000000080c00000, 0x0000000080d00000, 0x0000000080d00000|100%| O|  |TAMS 0x0000000080d00000, 0x0000000080c00000| Untracked 
|  13|0x0000000080d00000, 0x0000000080e00000, 0x0000000080e00000|100%| O|  |TAMS 0x0000000080e00000, 0x0000000080d00000| Untracked 
|  14|0x0000000080e00000, 0x0000000080f00000, 0x0000000080f00000|100%| O|  |TAMS 0x0000000080f00000, 0x0000000080e00000| Untracked 
|  15|0x0000000080f00000, 0x0000000081000000, 0x0000000081000000|100%| O|  |TAMS 0x0000000081000000, 0x0000000080f00000| Untracked 
|  16|0x0000000081000000, 0x0000000081100000, 0x0000000081100000|100%| O|  |TAMS 0x0000000081100000, 0x0000000081000000| Untracked 
|  17|0x0000000081100000, 0x0000000081200000, 0x0000000081200000|100%|HS|  |TAMS 0x0000000081200000, 0x0000000081100000| Complete 
|  18|0x0000000081200000, 0x0000000081300000, 0x0000000081300000|100%| O|  |TAMS 0x0000000081300000, 0x0000000081200000| Untracked 
|  19|0x0000000081300000, 0x0000000081400000, 0x0000000081400000|100%| O|  |TAMS 0x0000000081400000, 0x0000000081300000| Untracked 
|  20|0x0000000081400000, 0x0000000081500000, 0x0000000081500000|100%| O|  |TAMS 0x0000000081500000, 0x0000000081400000| Untracked 
|  21|0x0000000081500000, 0x0000000081600000, 0x0000000081600000|100%| O|  |TAMS 0x0000000081600000, 0x0000000081500000| Untracked 
|  22|0x0000000081600000, 0x0000000081700000, 0x0000000081700000|100%| O|  |TAMS 0x0000000081700000, 0x0000000081600000| Untracked 
|  23|0x0000000081700000, 0x0000000081800000, 0x0000000081800000|100%| O|  |TAMS 0x0000000081800000, 0x0000000081700000| Untracked 
|  24|0x0000000081800000, 0x0000000081900000, 0x0000000081900000|100%| O|  |TAMS 0x0000000081900000, 0x0000000081800000| Untracked 
|  25|0x0000000081900000, 0x0000000081a00000, 0x0000000081a00000|100%| O|  |TAMS 0x0000000081a00000, 0x0000000081900000| Untracked 
|  26|0x0000000081a00000, 0x0000000081b00000, 0x0000000081b00000|100%| O|  |TAMS 0x0000000081b00000, 0x0000000081a00000| Untracked 
|  27|0x0000000081b00000, 0x0000000081c00000, 0x0000000081c00000|100%| O|  |TAMS 0x0000000081c00000, 0x0000000081b00000| Untracked 
|  28|0x0000000081c00000, 0x0000000081d00000, 0x0000000081d00000|100%|HS|  |TAMS 0x0000000081d00000, 0x0000000081c00000| Complete 
|  29|0x0000000081d00000, 0x0000000081e00000, 0x0000000081e00000|100%|HS|  |TAMS 0x0000000081e00000, 0x0000000081d00000| Complete 
|  30|0x0000000081e00000, 0x0000000081f00000, 0x0000000081f00000|100%|HC|  |TAMS 0x0000000081f00000, 0x0000000081e00000| Complete 
|  31|0x0000000081f00000, 0x0000000082000000, 0x0000000082000000|100%| O|  |TAMS 0x0000000082000000, 0x0000000081f00000| Untracked 
|  32|0x0000000082000000, 0x0000000082100000, 0x0000000082100000|100%| O|  |TAMS 0x0000000082100000, 0x0000000082000000| Untracked 
|  33|0x0000000082100000, 0x0000000082200000, 0x0000000082200000|100%| O|  |TAMS 0x0000000082200000, 0x0000000082100000| Untracked 
|  34|0x0000000082200000, 0x0000000082300000, 0x0000000082300000|100%| O|  |TAMS 0x0000000082300000, 0x0000000082200000| Untracked 
|  35|0x0000000082300000, 0x0000000082400000, 0x0000000082400000|100%| O|  |TAMS 0x0000000082400000, 0x0000000082300000| Untracked 
|  36|0x0000000082400000, 0x0000000082500000, 0x0000000082500000|100%| O|  |TAMS 0x0000000082500000, 0x0000000082400000| Untracked 
|  37|0x0000000082500000, 0x0000000082600000, 0x0000000082600000|100%| O|  |TAMS 0x0000000082600000, 0x0000000082500000| Untracked 
|  38|0x0000000082600000, 0x0000000082700000, 0x0000000082700000|100%| O|  |TAMS 0x0000000082700000, 0x0000000082600000| Untracked 
|  39|0x0000000082700000, 0x0000000082800000, 0x0000000082800000|100%| O|  |TAMS 0x0000000082800000, 0x0000000082700000| Untracked 
|  40|0x0000000082800000, 0x0000000082900000, 0x0000000082900000|100%| O|  |TAMS 0x0000000082900000, 0x0000000082800000| Untracked 
|  41|0x0000000082900000, 0x0000000082a00000, 0x0000000082a00000|100%| O|  |TAMS 0x0000000082a00000, 0x0000000082900000| Untracked 
|  42|0x0000000082a00000, 0x0000000082b00000, 0x0000000082b00000|100%| O|  |TAMS 0x0000000082b00000, 0x0000000082a00000| Untracked 
|  43|0x0000000082b00000, 0x0000000082c00000, 0x0000000082c00000|100%| O|  |TAMS 0x0000000082c00000, 0x0000000082b00000| Untracked 
|  44|0x0000000082c00000, 0x0000000082d00000, 0x0000000082d00000|100%| O|  |TAMS 0x0000000082d00000, 0x0000000082c00000| Untracked 
|  45|0x0000000082d00000, 0x0000000082e00000, 0x0000000082e00000|100%| O|  |TAMS 0x0000000082d75000, 0x0000000082d00000| Untracked 
|  46|0x0000000082e00000, 0x0000000082f00000, 0x0000000082f00000|100%| O|  |TAMS 0x0000000082e00000, 0x0000000082e00000| Untracked 
|  47|0x0000000082f00000, 0x0000000083000000, 0x0000000083000000|100%| O|  |TAMS 0x0000000082f00000, 0x0000000082f00000| Untracked 
|  48|0x0000000083000000, 0x0000000083100000, 0x0000000083100000|100%| O|  |TAMS 0x0000000083000000, 0x0000000083000000| Untracked 
|  49|0x0000000083100000, 0x0000000083200000, 0x0000000083200000|100%| O|  |TAMS 0x0000000083100000, 0x0000000083100000| Untracked 
|  50|0x0000000083200000, 0x0000000083300000, 0x0000000083300000|100%| O|  |TAMS 0x0000000083200000, 0x0000000083200000| Untracked 
|  51|0x0000000083300000, 0x0000000083400000, 0x0000000083400000|100%| O|  |TAMS 0x0000000083300000, 0x0000000083300000| Untracked 
|  52|0x0000000083400000, 0x0000000083500000, 0x0000000083500000|100%| O|  |TAMS 0x0000000083400000, 0x0000000083400000| Untracked 
|  53|0x0000000083500000, 0x0000000083600000, 0x0000000083600000|100%| O|  |TAMS 0x0000000083500000, 0x0000000083500000| Untracked 
|  54|0x0000000083600000, 0x00000000836e3400, 0x0000000083700000| 88%| O|  |TAMS 0x0000000083600000, 0x0000000083600000| Untracked 
|  55|0x0000000083700000, 0x0000000083700000, 0x0000000083800000|  0%| F|  |TAMS 0x0000000083700000, 0x0000000083700000| Untracked 
|  56|0x0000000083800000, 0x0000000083800000, 0x0000000083900000|  0%| F|  |TAMS 0x0000000083800000, 0x0000000083800000| Untracked 
|  57|0x0000000083900000, 0x0000000083900000, 0x0000000083a00000|  0%| F|  |TAMS 0x0000000083900000, 0x0000000083900000| Untracked 
|  58|0x0000000083a00000, 0x0000000083a00000, 0x0000000083b00000|  0%| F|  |TAMS 0x0000000083a00000, 0x0000000083a00000| Untracked 
|  59|0x0000000083b00000, 0x0000000083b00000, 0x0000000083c00000|  0%| F|  |TAMS 0x0000000083b00000, 0x0000000083b00000| Untracked 
|  60|0x0000000083c00000, 0x0000000083c00000, 0x0000000083d00000|  0%| F|  |TAMS 0x0000000083c00000, 0x0000000083c00000| Untracked 
|  61|0x0000000083d00000, 0x0000000083d00000, 0x0000000083e00000|  0%| F|  |TAMS 0x0000000083d00000, 0x0000000083d00000| Untracked 
|  62|0x0000000083e00000, 0x0000000083e00000, 0x0000000083f00000|  0%| F|  |TAMS 0x0000000083e00000, 0x0000000083e00000| Untracked 
|  63|0x0000000083f00000, 0x0000000083f00000, 0x0000000084000000|  0%| F|  |TAMS 0x0000000083f00000, 0x0000000083f00000| Untracked 
|  64|0x0000000084000000, 0x0000000084000000, 0x0000000084100000|  0%| F|  |TAMS 0x0000000084000000, 0x0000000084000000| Untracked 
|  65|0x0000000084100000, 0x0000000084100000, 0x0000000084200000|  0%| F|  |TAMS 0x0000000084100000, 0x0000000084100000| Untracked 
|  66|0x0000000084200000, 0x0000000084200000, 0x0000000084300000|  0%| F|  |TAMS 0x0000000084200000, 0x0000000084200000| Untracked 
|  67|0x0000000084300000, 0x0000000084300000, 0x0000000084400000|  0%| F|  |TAMS 0x0000000084300000, 0x0000000084300000| Untracked 
|  68|0x0000000084400000, 0x0000000084400000, 0x0000000084500000|  0%| F|  |TAMS 0x0000000084400000, 0x0000000084400000| Untracked 
|  69|0x0000000084500000, 0x0000000084500000, 0x0000000084600000|  0%| F|  |TAMS 0x0000000084500000, 0x0000000084500000| Untracked 
|  70|0x0000000084600000, 0x0000000084600000, 0x0000000084700000|  0%| F|  |TAMS 0x0000000084600000, 0x0000000084600000| Untracked 
|  71|0x0000000084700000, 0x0000000084700000, 0x0000000084800000|  0%| F|  |TAMS 0x0000000084700000, 0x0000000084700000| Untracked 
|  72|0x0000000084800000, 0x0000000084800000, 0x0000000084900000|  0%| F|  |TAMS 0x0000000084800000, 0x0000000084800000| Untracked 
|  73|0x0000000084900000, 0x0000000084900000, 0x0000000084a00000|  0%| F|  |TAMS 0x0000000084900000, 0x0000000084900000| Untracked 
|  74|0x0000000084a00000, 0x0000000084a00000, 0x0000000084b00000|  0%| F|  |TAMS 0x0000000084a00000, 0x0000000084a00000| Untracked 
|  75|0x0000000084b00000, 0x0000000084b00000, 0x0000000084c00000|  0%| F|  |TAMS 0x0000000084b00000, 0x0000000084b00000| Untracked 
|  76|0x0000000084c00000, 0x0000000084c00000, 0x0000000084d00000|  0%| F|  |TAMS 0x0000000084c00000, 0x0000000084c00000| Untracked 
|  77|0x0000000084d00000, 0x0000000084d00000, 0x0000000084e00000|  0%| F|  |TAMS 0x0000000084d00000, 0x0000000084d00000| Untracked 
|  78|0x0000000084e00000, 0x0000000084e00000, 0x0000000084f00000|  0%| F|  |TAMS 0x0000000084e00000, 0x0000000084e00000| Untracked 
|  79|0x0000000084f00000, 0x0000000084f00000, 0x0000000085000000|  0%| F|  |TAMS 0x0000000084f00000, 0x0000000084f00000| Untracked 
|  80|0x0000000085000000, 0x0000000085000000, 0x0000000085100000|  0%| F|  |TAMS 0x0000000085000000, 0x0000000085000000| Untracked 
|  81|0x0000000085100000, 0x0000000085100000, 0x0000000085200000|  0%| F|  |TAMS 0x0000000085100000, 0x0000000085100000| Untracked 
|  82|0x0000000085200000, 0x0000000085200000, 0x0000000085300000|  0%| F|  |TAMS 0x0000000085200000, 0x0000000085200000| Untracked 
|  83|0x0000000085300000, 0x0000000085300000, 0x0000000085400000|  0%| F|  |TAMS 0x0000000085300000, 0x0000000085300000| Untracked 
|  84|0x0000000085400000, 0x0000000085400000, 0x0000000085500000|  0%| F|  |TAMS 0x0000000085400000, 0x0000000085400000| Untracked 
|  85|0x0000000085500000, 0x0000000085500000, 0x0000000085600000|  0%| F|  |TAMS 0x0000000085500000, 0x0000000085500000| Untracked 
|  86|0x0000000085600000, 0x0000000085600000, 0x0000000085700000|  0%| F|  |TAMS 0x0000000085600000, 0x0000000085600000| Untracked 
|  87|0x0000000085700000, 0x0000000085700000, 0x0000000085800000|  0%| F|  |TAMS 0x0000000085700000, 0x0000000085700000| Untracked 
|  88|0x0000000085800000, 0x0000000085800000, 0x0000000085900000|  0%| F|  |TAMS 0x0000000085800000, 0x0000000085800000| Untracked 
|  89|0x0000000085900000, 0x0000000085900000, 0x0000000085a00000|  0%| F|  |TAMS 0x0000000085900000, 0x0000000085900000| Untracked 
|  90|0x0000000085a00000, 0x0000000085a00000, 0x0000000085b00000|  0%| F|  |TAMS 0x0000000085a00000, 0x0000000085a00000| Untracked 
|  91|0x0000000085b00000, 0x0000000085b00000, 0x0000000085c00000|  0%| F|  |TAMS 0x0000000085b00000, 0x0000000085b00000| Untracked 
|  92|0x0000000085c00000, 0x0000000085c00000, 0x0000000085d00000|  0%| F|  |TAMS 0x0000000085c00000, 0x0000000085c00000| Untracked 
|  93|0x0000000085d00000, 0x0000000085d00000, 0x0000000085e00000|  0%| F|  |TAMS 0x0000000085d00000, 0x0000000085d00000| Untracked 
|  94|0x0000000085e00000, 0x0000000085e00000, 0x0000000085f00000|  0%| F|  |TAMS 0x0000000085e00000, 0x0000000085e00000| Untracked 
|  95|0x0000000085f00000, 0x0000000085f00000, 0x0000000086000000|  0%| F|  |TAMS 0x0000000085f00000, 0x0000000085f00000| Untracked 
|  96|0x0000000086000000, 0x0000000086000000, 0x0000000086100000|  0%| F|  |TAMS 0x0000000086000000, 0x0000000086000000| Untracked 
|  97|0x0000000086100000, 0x0000000086100000, 0x0000000086200000|  0%| F|  |TAMS 0x0000000086100000, 0x0000000086100000| Untracked 
|  98|0x0000000086200000, 0x0000000086200000, 0x0000000086300000|  0%| F|  |TAMS 0x0000000086200000, 0x0000000086200000| Untracked 
|  99|0x0000000086300000, 0x0000000086400000, 0x0000000086400000|100%| S|CS|TAMS 0x0000000086300000, 0x0000000086300000| Complete 
| 100|0x0000000086400000, 0x0000000086500000, 0x0000000086500000|100%| S|CS|TAMS 0x0000000086400000, 0x0000000086400000| Complete 
| 101|0x0000000086500000, 0x0000000086600000, 0x0000000086600000|100%| S|CS|TAMS 0x0000000086500000, 0x0000000086500000| Complete 
| 102|0x0000000086600000, 0x0000000086700000, 0x0000000086700000|100%| S|CS|TAMS 0x0000000086600000, 0x0000000086600000| Complete 
| 103|0x0000000086700000, 0x0000000086800000, 0x0000000086800000|100%| S|CS|TAMS 0x0000000086700000, 0x0000000086700000| Complete 
| 104|0x0000000086800000, 0x0000000086900000, 0x0000000086900000|100%| S|CS|TAMS 0x0000000086800000, 0x0000000086800000| Complete 
| 105|0x0000000086900000, 0x0000000086a00000, 0x0000000086a00000|100%| S|CS|TAMS 0x0000000086900000, 0x0000000086900000| Complete 
| 106|0x0000000086a00000, 0x0000000086a00000, 0x0000000086b00000|  0%| F|  |TAMS 0x0000000086a00000, 0x0000000086a00000| Untracked 
| 107|0x0000000086b00000, 0x0000000086b00000, 0x0000000086c00000|  0%| F|  |TAMS 0x0000000086b00000, 0x0000000086b00000| Untracked 
| 108|0x0000000086c00000, 0x0000000086c00000, 0x0000000086d00000|  0%| F|  |TAMS 0x0000000086c00000, 0x0000000086c00000| Untracked 
| 109|0x0000000086d00000, 0x0000000086d00000, 0x0000000086e00000|  0%| F|  |TAMS 0x0000000086d00000, 0x0000000086d00000| Untracked 
| 110|0x0000000086e00000, 0x0000000086e00000, 0x0000000086f00000|  0%| F|  |TAMS 0x0000000086e00000, 0x0000000086e00000| Untracked 
| 111|0x0000000086f00000, 0x0000000086f00000, 0x0000000087000000|  0%| F|  |TAMS 0x0000000086f00000, 0x0000000086f00000| Untracked 
| 112|0x0000000087000000, 0x0000000087100000, 0x0000000087100000|100%| S|CS|TAMS 0x0000000087000000, 0x0000000087000000| Complete 
| 113|0x0000000087100000, 0x0000000087200000, 0x0000000087200000|100%| S|CS|TAMS 0x0000000087100000, 0x0000000087100000| Complete 
| 114|0x0000000087200000, 0x0000000087300000, 0x0000000087300000|100%| S|CS|TAMS 0x0000000087200000, 0x0000000087200000| Complete 
| 115|0x0000000087300000, 0x0000000087300000, 0x0000000087400000|  0%| F|  |TAMS 0x0000000087300000, 0x0000000087300000| Untracked 
| 116|0x0000000087400000, 0x0000000087400000, 0x0000000087500000|  0%| F|  |TAMS 0x0000000087400000, 0x0000000087400000| Untracked 
| 117|0x0000000087500000, 0x0000000087500000, 0x0000000087600000|  0%| F|  |TAMS 0x0000000087500000, 0x0000000087500000| Untracked 
| 118|0x0000000087600000, 0x0000000087600000, 0x0000000087700000|  0%| F|  |TAMS 0x0000000087600000, 0x0000000087600000| Untracked 
| 119|0x0000000087700000, 0x0000000087700000, 0x0000000087800000|  0%| F|  |TAMS 0x0000000087700000, 0x0000000087700000| Untracked 
| 120|0x0000000087800000, 0x0000000087800000, 0x0000000087900000|  0%| F|  |TAMS 0x0000000087800000, 0x0000000087800000| Untracked 
| 121|0x0000000087900000, 0x0000000087900000, 0x0000000087a00000|  0%| F|  |TAMS 0x0000000087900000, 0x0000000087900000| Untracked 
| 122|0x0000000087a00000, 0x0000000087a00000, 0x0000000087b00000|  0%| F|  |TAMS 0x0000000087a00000, 0x0000000087a00000| Untracked 
| 123|0x0000000087b00000, 0x0000000087b00000, 0x0000000087c00000|  0%| F|  |TAMS 0x0000000087b00000, 0x0000000087b00000| Untracked 
| 124|0x0000000087c00000, 0x0000000087c00000, 0x0000000087d00000|  0%| F|  |TAMS 0x0000000087c00000, 0x0000000087c00000| Untracked 
| 125|0x0000000087d00000, 0x0000000087d00000, 0x0000000087e00000|  0%| F|  |TAMS 0x0000000087d00000, 0x0000000087d00000| Untracked 
| 126|0x0000000087e00000, 0x0000000087e00000, 0x0000000087f00000|  0%| F|  |TAMS 0x0000000087e00000, 0x0000000087e00000| Untracked 
| 127|0x0000000087f00000, 0x0000000087f00000, 0x0000000088000000|  0%| F|  |TAMS 0x0000000087f00000, 0x0000000087f00000| Untracked 
| 128|0x0000000088000000, 0x0000000088000000, 0x0000000088100000|  0%| F|  |TAMS 0x0000000088000000, 0x0000000088000000| Untracked 
| 129|0x0000000088100000, 0x0000000088100000, 0x0000000088200000|  0%| F|  |TAMS 0x0000000088100000, 0x0000000088100000| Untracked 
| 130|0x0000000088200000, 0x0000000088200000, 0x0000000088300000|  0%| F|  |TAMS 0x0000000088200000, 0x0000000088200000| Untracked 
| 131|0x0000000088300000, 0x0000000088300000, 0x0000000088400000|  0%| F|  |TAMS 0x0000000088300000, 0x0000000088300000| Untracked 
| 132|0x0000000088400000, 0x0000000088400000, 0x0000000088500000|  0%| F|  |TAMS 0x0000000088400000, 0x0000000088400000| Untracked 
| 133|0x0000000088500000, 0x0000000088500000, 0x0000000088600000|  0%| F|  |TAMS 0x0000000088500000, 0x0000000088500000| Untracked 
| 134|0x0000000088600000, 0x0000000088600000, 0x0000000088700000|  0%| F|  |TAMS 0x0000000088600000, 0x0000000088600000| Untracked 
| 135|0x0000000088700000, 0x0000000088700000, 0x0000000088800000|  0%| F|  |TAMS 0x0000000088700000, 0x0000000088700000| Untracked 
| 136|0x0000000088800000, 0x0000000088800000, 0x0000000088900000|  0%| F|  |TAMS 0x0000000088800000, 0x0000000088800000| Untracked 
| 137|0x0000000088900000, 0x0000000088900000, 0x0000000088a00000|  0%| F|  |TAMS 0x0000000088900000, 0x0000000088900000| Untracked 
| 138|0x0000000088a00000, 0x0000000088a00000, 0x0000000088b00000|  0%| F|  |TAMS 0x0000000088a00000, 0x0000000088a00000| Untracked 
| 139|0x0000000088b00000, 0x0000000088b00000, 0x0000000088c00000|  0%| F|  |TAMS 0x0000000088b00000, 0x0000000088b00000| Untracked 
| 140|0x0000000088c00000, 0x0000000088c00000, 0x0000000088d00000|  0%| F|  |TAMS 0x0000000088c00000, 0x0000000088c00000| Untracked 
| 141|0x0000000088d00000, 0x0000000088d00000, 0x0000000088e00000|  0%| F|  |TAMS 0x0000000088d00000, 0x0000000088d00000| Untracked 
| 142|0x0000000088e00000, 0x0000000088e00000, 0x0000000088f00000|  0%| F|  |TAMS 0x0000000088e00000, 0x0000000088e00000| Untracked 
| 143|0x0000000088f00000, 0x0000000088f00000, 0x0000000089000000|  0%| F|  |TAMS 0x0000000088f00000, 0x0000000088f00000| Untracked 
| 144|0x0000000089000000, 0x0000000089000000, 0x0000000089100000|  0%| F|  |TAMS 0x0000000089000000, 0x0000000089000000| Untracked 
| 145|0x0000000089100000, 0x0000000089100000, 0x0000000089200000|  0%| F|  |TAMS 0x0000000089100000, 0x0000000089100000| Untracked 
| 146|0x0000000089200000, 0x0000000089200000, 0x0000000089300000|  0%| F|  |TAMS 0x0000000089200000, 0x0000000089200000| Untracked 
| 147|0x0000000089300000, 0x0000000089300000, 0x0000000089400000|  0%| F|  |TAMS 0x0000000089300000, 0x0000000089300000| Untracked 
| 148|0x0000000089400000, 0x0000000089400000, 0x0000000089500000|  0%| F|  |TAMS 0x0000000089400000, 0x0000000089400000| Untracked 
| 149|0x0000000089500000, 0x0000000089500000, 0x0000000089600000|  0%| F|  |TAMS 0x0000000089500000, 0x0000000089500000| Untracked 
| 150|0x0000000089600000, 0x0000000089600000, 0x0000000089700000|  0%| F|  |TAMS 0x0000000089600000, 0x0000000089600000| Untracked 
| 151|0x0000000089700000, 0x0000000089700000, 0x0000000089800000|  0%| F|  |TAMS 0x0000000089700000, 0x0000000089700000| Untracked 
| 152|0x0000000089800000, 0x0000000089800000, 0x0000000089900000|  0%| F|  |TAMS 0x0000000089800000, 0x0000000089800000| Untracked 
| 153|0x0000000089900000, 0x0000000089900000, 0x0000000089a00000|  0%| F|  |TAMS 0x0000000089900000, 0x0000000089900000| Untracked 
| 154|0x0000000089a00000, 0x0000000089a00000, 0x0000000089b00000|  0%| F|  |TAMS 0x0000000089a00000, 0x0000000089a00000| Untracked 
| 155|0x0000000089b00000, 0x0000000089b00000, 0x0000000089c00000|  0%| F|  |TAMS 0x0000000089b00000, 0x0000000089b00000| Untracked 
| 156|0x0000000089c00000, 0x0000000089c00000, 0x0000000089d00000|  0%| F|  |TAMS 0x0000000089c00000, 0x0000000089c00000| Untracked 
| 157|0x0000000089d00000, 0x0000000089d00000, 0x0000000089e00000|  0%| F|  |TAMS 0x0000000089d00000, 0x0000000089d00000| Untracked 
| 158|0x0000000089e00000, 0x0000000089e00000, 0x0000000089f00000|  0%| F|  |TAMS 0x0000000089e00000, 0x0000000089e00000| Untracked 
| 159|0x0000000089f00000, 0x0000000089f00000, 0x000000008a000000|  0%| F|  |TAMS 0x0000000089f00000, 0x0000000089f00000| Untracked 
| 160|0x000000008a000000, 0x000000008a000000, 0x000000008a100000|  0%| F|  |TAMS 0x000000008a000000, 0x000000008a000000| Untracked 
| 161|0x000000008a100000, 0x000000008a100000, 0x000000008a200000|  0%| F|  |TAMS 0x000000008a100000, 0x000000008a100000| Untracked 
| 162|0x000000008a200000, 0x000000008a200000, 0x000000008a300000|  0%| F|  |TAMS 0x000000008a200000, 0x000000008a200000| Untracked 
| 163|0x000000008a300000, 0x000000008a300000, 0x000000008a400000|  0%| F|  |TAMS 0x000000008a300000, 0x000000008a300000| Untracked 
| 164|0x000000008a400000, 0x000000008a400000, 0x000000008a500000|  0%| F|  |TAMS 0x000000008a400000, 0x000000008a400000| Untracked 
| 165|0x000000008a500000, 0x000000008a500000, 0x000000008a600000|  0%| F|  |TAMS 0x000000008a500000, 0x000000008a500000| Untracked 
| 166|0x000000008a600000, 0x000000008a600000, 0x000000008a700000|  0%| F|  |TAMS 0x000000008a600000, 0x000000008a600000| Untracked 
| 167|0x000000008a700000, 0x000000008a700000, 0x000000008a800000|  0%| F|  |TAMS 0x000000008a700000, 0x000000008a700000| Untracked 
| 168|0x000000008a800000, 0x000000008a800000, 0x000000008a900000|  0%| F|  |TAMS 0x000000008a800000, 0x000000008a800000| Untracked 
| 169|0x000000008a900000, 0x000000008a900000, 0x000000008aa00000|  0%| F|  |TAMS 0x000000008a900000, 0x000000008a900000| Untracked 
| 170|0x000000008aa00000, 0x000000008aa00000, 0x000000008ab00000|  0%| F|  |TAMS 0x000000008aa00000, 0x000000008aa00000| Untracked 
| 171|0x000000008ab00000, 0x000000008ab00000, 0x000000008ac00000|  0%| F|  |TAMS 0x000000008ab00000, 0x000000008ab00000| Untracked 
| 172|0x000000008ac00000, 0x000000008acef940, 0x000000008ad00000| 93%| E|  |TAMS 0x000000008ac00000, 0x000000008ac00000| Complete 
| 173|0x000000008ad00000, 0x000000008ae00000, 0x000000008ae00000|100%| E|CS|TAMS 0x000000008ad00000, 0x000000008ad00000| Complete 
| 174|0x000000008ae00000, 0x000000008af00000, 0x000000008af00000|100%| E|CS|TAMS 0x000000008ae00000, 0x000000008ae00000| Complete 
| 175|0x000000008af00000, 0x000000008b000000, 0x000000008b000000|100%| E|CS|TAMS 0x000000008af00000, 0x000000008af00000| Complete 
| 176|0x000000008b000000, 0x000000008b100000, 0x000000008b100000|100%| E|CS|TAMS 0x000000008b000000, 0x000000008b000000| Complete 
| 177|0x000000008b100000, 0x000000008b200000, 0x000000008b200000|100%| E|CS|TAMS 0x000000008b100000, 0x000000008b100000| Complete 
| 178|0x000000008b200000, 0x000000008b300000, 0x000000008b300000|100%| E|CS|TAMS 0x000000008b200000, 0x000000008b200000| Complete 
| 179|0x000000008b300000, 0x000000008b400000, 0x000000008b400000|100%| E|CS|TAMS 0x000000008b300000, 0x000000008b300000| Complete 
| 180|0x000000008b400000, 0x000000008b500000, 0x000000008b500000|100%| E|CS|TAMS 0x000000008b400000, 0x000000008b400000| Complete 
| 181|0x000000008b500000, 0x000000008b600000, 0x000000008b600000|100%| E|CS|TAMS 0x000000008b500000, 0x000000008b500000| Complete 
| 182|0x000000008b600000, 0x000000008b700000, 0x000000008b700000|100%| E|CS|TAMS 0x000000008b600000, 0x000000008b600000| Complete 
| 183|0x000000008b700000, 0x000000008b800000, 0x000000008b800000|100%| E|CS|TAMS 0x000000008b700000, 0x000000008b700000| Complete 
| 184|0x000000008b800000, 0x000000008b900000, 0x000000008b900000|100%| E|CS|TAMS 0x000000008b800000, 0x000000008b800000| Complete 
| 185|0x000000008b900000, 0x000000008ba00000, 0x000000008ba00000|100%| E|CS|TAMS 0x000000008b900000, 0x000000008b900000| Complete 

Card table byte_map: [0x000001a435fb0000,0x000001a4363b0000] _byte_map_base: 0x000001a435bb0000

Marking Bits (Prev, Next): (CMBitMap*) 0x000001a4230da658, (CMBitMap*) 0x000001a4230da690
 Prev Bits: [0x000001a4367b0000, 0x000001a4387b0000)
 Next Bits: [0x000001a4387b0000, 0x000001a43a7b0000)

Polling page: 0x000001a421050000

Metaspace:

Usage:
  Non-class:     72.22 MB capacity,    71.01 MB ( 98%) used,  1016.86 KB (  1%) free+waste,   221.75 KB ( <1%) overhead. 
      Class:     11.34 MB capacity,    10.60 MB ( 93%) used,   663.15 KB (  6%) free+waste,   102.19 KB ( <1%) overhead. 
       Both:     83.56 MB capacity,    81.61 MB ( 98%) used,     1.64 MB (  2%) free+waste,   323.94 KB ( <1%) overhead. 

Virtual space:
  Non-class space:       74.00 MB reserved,      72.25 MB ( 98%) committed 
      Class space:        1.00 GB reserved,      11.37 MB (  1%) committed 
             Both:        1.07 GB reserved,      83.62 MB (  8%) committed 

Chunk freelists:
   Non-Class:  29.00 KB
       Class:  1.00 KB
        Both:  30.00 KB

MaxMetaspaceSize: 17179869184.00 GB
CompressedClassSpaceSize: 1.00 GB
Initial GC threshold: 20.80 MB
Current GC threshold: 108.53 MB
CDS: off

CodeHeap 'non-profiled nmethods': size=120064Kb used=5271Kb max_used=5271Kb free=114792Kb
 bounds [0x000001a42e670000, 0x000001a42eba0000, 0x000001a435bb0000]
CodeHeap 'profiled nmethods': size=120000Kb used=18108Kb max_used=18108Kb free=101891Kb
 bounds [0x000001a427140000, 0x000001a4282f0000, 0x000001a42e670000]
CodeHeap 'non-nmethods': size=5696Kb used=2365Kb max_used=2406Kb free=3330Kb
 bounds [0x000001a426bb0000, 0x000001a426e20000, 0x000001a427140000]
 total_blobs=9248 nmethods=8370 adapters=790
 compilation: enabled
              stopped_count=0, restarted_count=0
 full_count=0

Compilation events (20 events):
Event: 35.723 Thread 0x000001a43ccb4800 8384       3       org.gradle.api.internal.artifacts.ivyservice.resolveengine.graph.CompositeDependencyGraphVisitor::visitNode (40 bytes)
Event: 35.723 Thread 0x000001a43ccb4800 nmethod 8384 0x000001a4282d0790 code [0x000001a4282d09a0, 0x000001a4282d0f58]
Event: 35.724 Thread 0x000001a43ccb4800 8385       3       org.gradle.internal.Describables$FixedDescribable::getDisplayName (41 bytes)
Event: 35.725 Thread 0x000001a43ccb4800 nmethod 8385 0x000001a4282d1110 code [0x000001a4282d1360, 0x000001a4282d1c28]
Event: 35.726 Thread 0x000001a43ccb4800 8386       3       org.gradle.api.internal.artifacts.ModuleVersionIdentifierSerializer::write (37 bytes)
Event: 35.726 Thread 0x000001a43ccb4800 nmethod 8386 0x000001a4282d1f10 code [0x000001a4282d2120, 0x000001a4282d26c8]
Event: 35.726 Thread 0x000001a43ccb4800 8387       3       org.gradle.internal.resolve.result.DefaultBuildableComponentIdResolveResult::getUnmatchedVersions (8 bytes)
Event: 35.727 Thread 0x000001a43ccb4800 nmethod 8387 0x000001a4282d2990 code [0x000001a4282d2b60, 0x000001a4282d2e28]
Event: 35.727 Thread 0x000001a43ccb4800 8388       3       org.gradle.api.internal.artifacts.ivyservice.resolveengine.graph.builder.SelectorState::addReasonsForSelector (329 bytes)
Event: 35.731 Thread 0x000001a43ccb4800 nmethod 8388 0x000001a4282d2f10 code [0x000001a4282d34a0, 0x000001a4282d6408]
Event: 35.731 Thread 0x000001a43ccb4800 8389       3       org.gradle.internal.resolve.result.DefaultBuildableComponentIdResolveResult::getRejectedVersions (8 bytes)
Event: 35.731 Thread 0x000001a43ccb4800 nmethod 8389 0x000001a4282d7290 code [0x000001a4282d7460, 0x000001a4282d7728]
Event: 35.737 Thread 0x000001a43ccb4800 8391       3       org.gradle.api.internal.artifacts.ivyservice.resolveengine.result.DependencyResultSerializer::write (116 bytes)
Event: 35.738 Thread 0x000001a43ccb4800 nmethod 8391 0x000001a4282d7810 code [0x000001a4282d7ac0, 0x000001a4282d86b8]
Event: 35.738 Thread 0x000001a43ccb4800 8392       3       org.gradle.api.internal.artifacts.ivyservice.resolveengine.graph.builder.EdgeState::getSelector (5 bytes)
Event: 35.738 Thread 0x000001a43ccb4800 nmethod 8392 0x000001a4282d8a10 code [0x000001a4282d8bc0, 0x000001a4282d8cd8]
Event: 35.738 Thread 0x000001a43ccb4800 8393       3       org.gradle.api.internal.artifacts.ivyservice.resolveengine.graph.builder.EdgeState::getFromVariant (8 bytes)
Event: 35.738 Thread 0x000001a43ccb4800 nmethod 8393 0x000001a4282d8d90 code [0x000001a4282d8f40, 0x000001a4282d90e8]
Event: 35.738 Thread 0x000001a43ccb4800 8394       3       org.gradle.api.internal.artifacts.ivyservice.resolveengine.graph.builder.EdgeState::getSelected (8 bytes)
Event: 35.738 Thread 0x000001a43ccb4800 nmethod 8394 0x000001a4282d9190 code [0x000001a4282d9360, 0x000001a4282d9538]

GC Heap History (20 events):
Event: 12.106 GC heap before
{Heap before GC invocations=8 (full 0):
 garbage-first heap   total 131072K, used 29268K [0x0000000080000000, 0x0000000100000000)
  region size 1024K, 14 young (14336K), 5 survivors (5120K)
 Metaspace       used 34916K, capacity 35722K, committed 35840K, reserved 1081344K
  class space    used 4531K, capacity 4839K, committed 4864K, reserved 1048576K
}
Event: 12.124 GC heap after
{Heap after GC invocations=9 (full 0):
 garbage-first heap   total 131072K, used 22641K [0x0000000080000000, 0x0000000100000000)
  region size 1024K, 6 young (6144K), 6 survivors (6144K)
 Metaspace       used 34916K, capacity 35722K, committed 35840K, reserved 1081344K
  class space    used 4531K, capacity 4839K, committed 4864K, reserved 1048576K
}
Event: 14.049 GC heap before
{Heap before GC invocations=10 (full 0):
 garbage-first heap   total 131072K, used 83057K [0x0000000080000000, 0x0000000100000000)
  region size 1024K, 63 young (64512K), 6 survivors (6144K)
 Metaspace       used 39568K, capacity 40437K, committed 40576K, reserved 1085440K
  class space    used 5061K, capacity 5385K, committed 5504K, reserved 1048576K
}
Event: 14.068 GC heap after
{Heap after GC invocations=11 (full 0):
 garbage-first heap   total 131072K, used 28119K [0x0000000080000000, 0x0000000100000000)
  region size 1024K, 8 young (8192K), 8 survivors (8192K)
 Metaspace       used 39568K, capacity 40437K, committed 40576K, reserved 1085440K
  class space    used 5061K, capacity 5385K, committed 5504K, reserved 1048576K
}
Event: 16.058 GC heap before
{Heap before GC invocations=11 (full 0):
 garbage-first heap   total 131072K, used 89559K [0x0000000080000000, 0x0000000100000000)
  region size 1024K, 67 young (68608K), 8 survivors (8192K)
 Metaspace       used 44966K, capacity 46002K, committed 46208K, reserved 1089536K
  class space    used 5788K, capacity 6163K, committed 6272K, reserved 1048576K
}
Event: 16.075 GC heap after
{Heap after GC invocations=12 (full 0):
 garbage-first heap   total 131072K, used 30342K [0x0000000080000000, 0x0000000100000000)
  region size 1024K, 7 young (7168K), 7 survivors (7168K)
 Metaspace       used 44966K, capacity 46002K, committed 46208K, reserved 1089536K
  class space    used 5788K, capacity 6163K, committed 6272K, reserved 1048576K
}
Event: 18.217 GC heap before
{Heap before GC invocations=12 (full 0):
 garbage-first heap   total 131072K, used 93830K [0x0000000080000000, 0x0000000100000000)
  region size 1024K, 68 young (69632K), 7 survivors (7168K)
 Metaspace       used 48418K, capacity 49566K, committed 49664K, reserved 1091584K
  class space    used 6197K, capacity 6621K, committed 6656K, reserved 1048576K
}
Event: 18.238 GC heap after
{Heap after GC invocations=13 (full 0):
 garbage-first heap   total 190464K, used 35054K [0x0000000080000000, 0x0000000100000000)
  region size 1024K, 7 young (7168K), 7 survivors (7168K)
 Metaspace       used 48418K, capacity 49566K, committed 49664K, reserved 1091584K
  class space    used 6197K, capacity 6621K, committed 6656K, reserved 1048576K
}
Event: 21.024 GC heap before
{Heap before GC invocations=13 (full 0):
 garbage-first heap   total 190464K, used 114926K [0x0000000080000000, 0x0000000100000000)
  region size 1024K, 83 young (84992K), 7 survivors (7168K)
 Metaspace       used 57908K, capacity 59300K, committed 59648K, reserved 1101824K
  class space    used 7316K, capacity 7827K, committed 7936K, reserved 1048576K
}
Event: 21.041 GC heap after
{Heap after GC invocations=14 (full 0):
 garbage-first heap   total 190464K, used 45987K [0x0000000080000000, 0x0000000100000000)
  region size 1024K, 11 young (11264K), 11 survivors (11264K)
 Metaspace       used 57908K, capacity 59300K, committed 59648K, reserved 1101824K
  class space    used 7316K, capacity 7827K, committed 7936K, reserved 1048576K
}
Event: 21.181 GC heap before
{Heap before GC invocations=14 (full 0):
 garbage-first heap   total 190464K, used 49059K [0x0000000080000000, 0x0000000100000000)
  region size 1024K, 15 young (15360K), 11 survivors (11264K)
 Metaspace       used 58438K, capacity 59837K, committed 59904K, reserved 1101824K
  class space    used 7377K, capacity 7873K, committed 7936K, reserved 1048576K
}
Event: 21.200 GC heap after
{Heap after GC invocations=15 (full 0):
 garbage-first heap   total 190464K, used 47971K [0x0000000080000000, 0x0000000100000000)
  region size 1024K, 2 young (2048K), 2 survivors (2048K)
 Metaspace       used 58438K, capacity 59837K, committed 59904K, reserved 1101824K
  class space    used 7377K, capacity 7873K, committed 7936K, reserved 1048576K
}
Event: 23.526 GC heap before
{Heap before GC invocations=16 (full 0):
 garbage-first heap   total 190464K, used 108387K [0x0000000080000000, 0x0000000100000000)
  region size 1024K, 62 young (63488K), 2 survivors (2048K)
 Metaspace       used 64807K, capacity 66309K, committed 66424K, reserved 1107968K
  class space    used 8184K, capacity 8724K, committed 8824K, reserved 1048576K
}
Event: 23.539 GC heap after
{Heap after GC invocations=17 (full 0):
 garbage-first heap   total 190464K, used 51774K [0x0000000080000000, 0x0000000100000000)
  region size 1024K, 6 young (6144K), 6 survivors (6144K)
 Metaspace       used 64807K, capacity 66309K, committed 66424K, reserved 1107968K
  class space    used 8184K, capacity 8724K, committed 8824K, reserved 1048576K
}
Event: 25.434 GC heap before
{Heap before GC invocations=18 (full 0):
 garbage-first heap   total 190464K, used 117310K [0x0000000080000000, 0x0000000100000000)
  region size 1024K, 69 young (70656K), 6 survivors (6144K)
 Metaspace       used 68075K, capacity 69680K, committed 70008K, reserved 1110016K
  class space    used 8636K, capacity 9221K, committed 9336K, reserved 1048576K
}
Event: 25.454 GC heap after
{Heap after GC invocations=19 (full 0):
 garbage-first heap   total 190464K, used 56169K [0x0000000080000000, 0x0000000100000000)
  region size 1024K, 5 young (5120K), 5 survivors (5120K)
 Metaspace       used 68075K, capacity 69680K, committed 70008K, reserved 1110016K
  class space    used 8636K, capacity 9221K, committed 9336K, reserved 1048576K
}
Event: 29.486 GC heap before
{Heap before GC invocations=19 (full 0):
 garbage-first heap   total 190464K, used 123753K [0x0000000080000000, 0x0000000100000000)
  region size 1024K, 71 young (72704K), 5 survivors (5120K)
 Metaspace       used 75031K, capacity 76680K, committed 77048K, reserved 1116160K
  class space    used 9757K, capacity 10360K, committed 10488K, reserved 1048576K
}
Event: 29.512 GC heap after
{Heap after GC invocations=20 (full 0):
 garbage-first heap   total 190464K, used 60265K [0x0000000080000000, 0x0000000100000000)
  region size 1024K, 9 young (9216K), 9 survivors (9216K)
 Metaspace       used 75031K, capacity 76680K, committed 77048K, reserved 1116160K
  class space    used 9757K, capacity 10360K, committed 10488K, reserved 1048576K
}
Event: 34.797 GC heap before
{Heap before GC invocations=20 (full 0):
 garbage-first heap   total 190464K, used 128873K [0x0000000080000000, 0x0000000100000000)
  region size 1024K, 77 young (78848K), 9 survivors (9216K)
 Metaspace       used 82318K, capacity 84235K, committed 84344K, reserved 1122304K
  class space    used 10666K, capacity 11353K, committed 11384K, reserved 1048576K
}
Event: 34.832 GC heap after
{Heap after GC invocations=21 (full 0):
 garbage-first heap   total 190464K, used 66445K [0x0000000080000000, 0x0000000100000000)
  region size 1024K, 10 young (10240K), 10 survivors (10240K)
 Metaspace       used 82318K, capacity 84235K, committed 84344K, reserved 1122304K
  class space    used 10666K, capacity 11353K, committed 11384K, reserved 1048576K
}

Deoptimization events (20 events):
Event: 34.772 Thread 0x000001a44281d000 Uncommon trap: trap_request=0xffffffde fr.pc=0x000001a42e7bbfdc relative=0x000000000000031c
Event: 34.772 Thread 0x000001a44281d000 Uncommon trap: reason=class_check action=maybe_recompile pc=0x000001a42e7bbfdc method=java.util.Collections$SetFromMap.remove(Ljava/lang/Object;)Z @ 5 c2
Event: 34.772 Thread 0x000001a44281d000 DEOPT PACKING pc=0x000001a42e7bbfdc sp=0x0000007eda7fe870
Event: 34.772 Thread 0x000001a44281d000 DEOPT UNPACKING pc=0x000001a426bfa1af sp=0x0000007eda7fe858 mode 2
Event: 34.927 Thread 0x000001a43f6ff000 Uncommon trap: trap_request=0xffffff7e fr.pc=0x000001a42eb81d74 relative=0x00000000000006f4
Event: 34.927 Thread 0x000001a43f6ff000 Uncommon trap: reason=predicate action=maybe_recompile pc=0x000001a42eb81d74 method=sun.security.provider.DigestBase.implCompressMultiBlock0([BII)I @ 2 c2
Event: 34.927 Thread 0x000001a43f6ff000 DEOPT PACKING pc=0x000001a42eb81d74 sp=0x0000007ed66fce70
Event: 34.927 Thread 0x000001a43f6ff000 DEOPT UNPACKING pc=0x000001a426bfa1af sp=0x0000007ed66fcd30 mode 2
Event: 34.950 Thread 0x000001a44281d000 Uncommon trap: trap_request=0xffffffde fr.pc=0x000001a42e7bbfdc relative=0x000000000000031c
Event: 34.950 Thread 0x000001a44281d000 Uncommon trap: reason=class_check action=maybe_recompile pc=0x000001a42e7bbfdc method=java.util.Collections$SetFromMap.remove(Ljava/lang/Object;)Z @ 5 c2
Event: 34.950 Thread 0x000001a44281d000 DEOPT PACKING pc=0x000001a42e7bbfdc sp=0x0000007eda7fe9d0
Event: 34.950 Thread 0x000001a44281d000 DEOPT UNPACKING pc=0x000001a426bfa1af sp=0x0000007eda7fe9b8 mode 2
Event: 35.109 Thread 0x000001a44281c000 Uncommon trap: trap_request=0xffffff4d fr.pc=0x000001a42e937628 relative=0x00000000000001e8
Event: 35.109 Thread 0x000001a44281c000 Uncommon trap: reason=unstable_if action=reinterpret pc=0x000001a42e937628 method=com.google.common.collect.RegularImmutableSet.contains(Ljava/lang/Object;)Z @ 10 c2
Event: 35.109 Thread 0x000001a44281c000 DEOPT PACKING pc=0x000001a42e937628 sp=0x0000007eda5fb440
Event: 35.109 Thread 0x000001a44281c000 DEOPT UNPACKING pc=0x000001a426bfa1af sp=0x0000007eda5fb3d8 mode 2
Event: 35.171 Thread 0x000001a44281c000 Uncommon trap: trap_request=0xffffffc6 fr.pc=0x000001a42eb86a50 relative=0x00000000000009b0
Event: 35.172 Thread 0x000001a44281c000 Uncommon trap: reason=bimorphic_or_optimized_type_check action=maybe_recompile pc=0x000001a42eb86a50 method=java.io.BufferedInputStream.read1([BII)I @ 39 c2
Event: 35.172 Thread 0x000001a44281c000 DEOPT PACKING pc=0x000001a42eb86a50 sp=0x0000007eda5fb1f0
Event: 35.172 Thread 0x000001a44281c000 DEOPT UNPACKING pc=0x000001a426bfa1af sp=0x0000007eda5fb128 mode 2

Classes redefined (0 events):
No events

Internal exceptions (20 events):
Event: 33.036 Thread 0x000001a43f10a000 Exception <a 'java/lang/NoSuchMethodError'{0x000000008892ff70}: 'java.lang.Object java.lang.invoke.Invokers$Holder.linkToTargetMethod(java.lang.Object, java.lang.Object, java.lang.Object, int, java.lang.Object, java.lang.Object)'> (0x000000008892ff70) thrown at [./src/hotspot/share/interpreter/linkResolver.cpp, line 773]
Event: 34.169 Thread 0x000001a43f10a000 Exception <a 'java/lang/NoSuchMethodError'{0x0000000087f55a40}: <clinit>> (0x0000000087f55a40) thrown at [./src/hotspot/share/prims/jni.cpp, line 1365]
Event: 34.185 Thread 0x000001a43f10a000 Exception <a 'java/lang/NoSuchMethodError'{0x0000000087f9e2b8}: <clinit>> (0x0000000087f9e2b8) thrown at [./src/hotspot/share/prims/jni.cpp, line 1365]
Event: 34.191 Thread 0x000001a43f10a000 Exception <a 'java/lang/NoSuchMethodError'{0x0000000087fcfb50}: 'void java.lang.invoke.DirectMethodHandle$Holder.invokeSpecial(java.lang.Object, java.lang.Object, java.lang.Object, int)'> (0x0000000087fcfb50) thrown at [./src/hotspot/share/interpreter/linkResolver.cpp, line 773]
Event: 34.280 Thread 0x000001a43f10a000 Exception <a 'sun/nio/fs/WindowsException'{0x0000000087de7488}> (0x0000000087de7488) thrown at [./src/hotspot/share/prims/jni.cpp, line 615]
Event: 34.776 Thread 0x000001a442819000 Exception <a 'java/lang/NoSuchMethodError'{0x00000000888cb698}: <clinit>> (0x00000000888cb698) thrown at [./src/hotspot/share/prims/jni.cpp, line 1365]
Event: 34.786 Thread 0x000001a442819000 Exception <a 'java/lang/NoSuchMethodError'{0x00000000888e00a0}: <clinit>> (0x00000000888e00a0) thrown at [./src/hotspot/share/prims/jni.cpp, line 1365]
Event: 34.792 Thread 0x000001a442819000 Exception <a 'java/lang/NoSuchMethodError'{0x00000000873b3790}: <clinit>> (0x00000000873b3790) thrown at [./src/hotspot/share/prims/jni.cpp, line 1365]
Event: 34.857 Thread 0x000001a44281d000 Exception <a 'java/lang/IncompatibleClassChangeError'{0x000000008b8a95e0}: Found class java.lang.Object, but interface was expected> (0x000000008b8a95e0) thrown at [./src/hotspot/share/interpreter/linkResolver.cpp, line 839]
Event: 34.927 Thread 0x000001a43f6ff000 Exception <a 'java/lang/NoSuchMethodError'{0x000000008b7b5258}: <clinit>> (0x000000008b7b5258) thrown at [./src/hotspot/share/prims/jni.cpp, line 1365]
Event: 34.929 Thread 0x000001a43f6ff000 Exception <a 'java/lang/NoSuchMethodError'{0x000000008b7c0328}: <clinit>> (0x000000008b7c0328) thrown at [./src/hotspot/share/prims/jni.cpp, line 1365]
Event: 34.931 Thread 0x000001a43f6ff000 Exception <a 'java/lang/NoSuchMethodError'{0x000000008b7ee968}: <clinit>> (0x000000008b7ee968) thrown at [./src/hotspot/share/prims/jni.cpp, line 1365]
Event: 34.935 Thread 0x000001a43f6ff000 Exception <a 'java/lang/NoSuchMethodError'{0x000000008b600bf0}: <clinit>> (0x000000008b600bf0) thrown at [./src/hotspot/share/prims/jni.cpp, line 1365]
Event: 34.935 Thread 0x000001a43f6ff000 Exception <a 'java/lang/NoSuchMethodError'{0x000000008b602118}: <clinit>> (0x000000008b602118) thrown at [./src/hotspot/share/prims/jni.cpp, line 1365]
Event: 34.950 Thread 0x000001a43f6ff000 Exception <a 'java/lang/NoSuchMethodError'{0x000000008b642bc0}: <clinit>> (0x000000008b642bc0) thrown at [./src/hotspot/share/prims/jni.cpp, line 1365]
Event: 34.991 Thread 0x000001a44281c000 Exception <a 'java/lang/NoSuchMethodError'{0x000000008b97a940}: 'java.lang.Object java.lang.invoke.DirectMethodHandle$Holder.invokeInterface(java.lang.Object, java.lang.Object, int)'> (0x000000008b97a940) thrown at [./src/hotspot/share/interpreter/linkResolver.cpp, line 773]
Event: 34.995 Thread 0x000001a44281c000 Exception <a 'java/lang/NoSuchMethodError'{0x000000008b64b420}: 'void java.lang.invoke.DirectMethodHandle$Holder.invokeStatic(java.lang.Object, java.lang.Object, java.lang.Object, int)'> (0x000000008b64b420) thrown at [./src/hotspot/share/interpreter/linkResolver.cpp, line 773]
Event: 35.109 Thread 0x000001a44281c000 Implicit null exception at 0x000001a42e937477 to 0x000001a42e937610
Event: 35.153 Thread 0x000001a44281c000 Exception <a 'java/lang/IncompatibleClassChangeError'{0x000000008b4859d8}: Found class java.lang.Object, but interface was expected> (0x000000008b4859d8) thrown at [./src/hotspot/share/interpreter/linkResolver.cpp, line 839]
Event: 35.276 Thread 0x000001a44281c000 Exception <a 'java/lang/NoSuchMethodError'{0x000000008b11a1f8}: 'int java.lang.invoke.DirectMethodHandle$Holder.invokeStaticInit(java.lang.Object, java.lang.Object, java.lang.Object, java.lang.Object, java.lang.Object)'> (0x000000008b11a1f8) thrown at [./src/hotspot/share/interpreter/linkResolver.cpp, line 773]

Events (20 events):
Event: 35.329 Executing VM operation: RevokeBias
Event: 35.330 Executing VM operation: RevokeBias done
Event: 35.354 Executing VM operation: RevokeBias
Event: 35.354 Executing VM operation: RevokeBias done
Event: 35.355 Executing VM operation: RevokeBias
Event: 35.356 Executing VM operation: RevokeBias done
Event: 35.359 Executing VM operation: RevokeBias
Event: 35.360 Executing VM operation: RevokeBias done
Event: 35.363 Executing VM operation: RevokeBias
Event: 35.363 Executing VM operation: RevokeBias done
Event: 35.364 loading class org/gradle/internal/component/external/model/AbstractMutableModuleComponentResolveMetadata$DependencyConstraintImpl
Event: 35.364 loading class org/gradle/internal/component/external/model/AbstractMutableModuleComponentResolveMetadata$DependencyConstraintImpl done
Event: 35.365 loading class org/gradle/internal/component/external/model/ComponentVariant$DependencyConstraint
Event: 35.365 loading class org/gradle/internal/component/external/model/ComponentVariant$DependencyConstraint done
Event: 35.668 loading class org/gradle/api/internal/artifacts/ivyservice/resolveengine/graph/conflicts/DefaultCapabilitiesConflictHandler$Candidate
Event: 35.668 loading class org/gradle/api/internal/artifacts/ivyservice/resolveengine/graph/conflicts/DefaultCapabilitiesConflictHandler$Candidate done
Event: 35.734 loading class org/gradle/internal/serialize/Encoder
Event: 35.734 loading class org/gradle/internal/serialize/Encoder done
Event: 35.734 loading class org/gradle/cache/internal/BinaryStore$WriteAction
Event: 35.734 loading class org/gradle/cache/internal/BinaryStore$WriteAction done


Dynamic libraries:
0x00007ff6246c0000 - 0x00007ff6246ca000 	C:\1\jre\bin\java.exe
0x00007ffaee2b0000 - 0x00007ffaee4a8000 	C:\WINDOWS\SYSTEM32\ntdll.dll
0x00007ffaec5d0000 - 0x00007ffaec68d000 	C:\WINDOWS\System32\KERNEL32.DLL
0x00007ffaebd40000 - 0x00007ffaec00e000 	C:\WINDOWS\System32\KERNELBASE.dll
0x00007ffaec090000 - 0x00007ffaec190000 	C:\WINDOWS\System32\ucrtbase.dll
0x00007ffacb950000 - 0x00007ffacb969000 	C:\1\jre\bin\jli.dll
0x00007ffaec7f0000 - 0x00007ffaec990000 	C:\WINDOWS\System32\USER32.dll
0x00007ffaec190000 - 0x00007ffaec1b2000 	C:\WINDOWS\System32\win32u.dll
0x00007ffaecc10000 - 0x00007ffaecc3a000 	C:\WINDOWS\System32\GDI32.dll
0x00007ffaeba40000 - 0x00007ffaebb4b000 	C:\WINDOWS\System32\gdi32full.dll
0x00007ffaec1c0000 - 0x00007ffaec25d000 	C:\WINDOWS\System32\msvcp_win.dll
0x00007ffacb930000 - 0x00007ffacb947000 	C:\1\jre\bin\VCRUNTIME140.dll
0x00007ffacf920000 - 0x00007ffacfbba000 	C:\WINDOWS\WinSxS\amd64_microsoft.windows.common-controls_6595b64144ccf1df_6.0.19041.1110_none_60b5254171f9507e\COMCTL32.dll
0x00007ffaecac0000 - 0x00007ffaecb5e000 	C:\WINDOWS\System32\msvcrt.dll
0x00007ffaec5a0000 - 0x00007ffaec5d0000 	C:\WINDOWS\System32\IMM32.DLL
0x00007ffac8e30000 - 0x00007ffac8ecd000 	C:\1\jre\bin\msvcp140.dll
0x00007ffa8db30000 - 0x00007ffa8e615000 	C:\1\jre\bin\server\jvm.dll
0x00007ffaec3d0000 - 0x00007ffaec47e000 	C:\WINDOWS\System32\ADVAPI32.dll
0x00007ffaec480000 - 0x00007ffaec51c000 	C:\WINDOWS\System32\sechost.dll
0x00007ffaed7c0000 - 0x00007ffaed8e5000 	C:\WINDOWS\System32\RPCRT4.dll
0x00007ffaed390000 - 0x00007ffaed398000 	C:\WINDOWS\System32\PSAPI.DLL
0x00007ffae7720000 - 0x00007ffae7729000 	C:\WINDOWS\SYSTEM32\WSOCK32.dll
0x00007ffaec780000 - 0x00007ffaec7eb000 	C:\WINDOWS\System32\WS2_32.dll
0x00007ffad84a0000 - 0x00007ffad84c7000 	C:\WINDOWS\SYSTEM32\WINMM.dll
0x00007ffadcdf0000 - 0x00007ffadcdfa000 	C:\WINDOWS\SYSTEM32\VERSION.dll
0x00007ffae98d0000 - 0x00007ffae98e2000 	C:\WINDOWS\SYSTEM32\kernel.appcore.dll
0x00007ffae65e0000 - 0x00007ffae65f1000 	C:\1\jre\bin\verify.dll
0x00007ffad8290000 - 0x00007ffad8474000 	C:\WINDOWS\SYSTEM32\DBGHELP.DLL
0x00007ffad8260000 - 0x00007ffad828c000 	C:\WINDOWS\SYSTEM32\dbgcore.DLL
0x00007ffaebb50000 - 0x00007ffaebbd2000 	C:\WINDOWS\System32\bcryptPrimitives.dll
0x00007ffae26b0000 - 0x00007ffae26d9000 	C:\1\jre\bin\java.dll
0x00007ffae6bd0000 - 0x00007ffae6bdb000 	C:\1\jre\bin\jimage.dll
0x00007ffae5e50000 - 0x00007ffae5e68000 	C:\1\jre\bin\zip.dll
0x00007ffaecc40000 - 0x00007ffaed384000 	C:\WINDOWS\System32\SHELL32.dll
0x00007ffae9ad0000 - 0x00007ffaea264000 	C:\WINDOWS\SYSTEM32\windows.storage.dll
0x00007ffaedd60000 - 0x00007ffaee0b4000 	C:\WINDOWS\System32\combase.dll
0x00007ffaeb360000 - 0x00007ffaeb390000 	C:\WINDOWS\SYSTEM32\Wldp.dll
0x00007ffaecb60000 - 0x00007ffaecc0d000 	C:\WINDOWS\System32\SHCORE.dll
0x00007ffaec720000 - 0x00007ffaec775000 	C:\WINDOWS\System32\shlwapi.dll
0x00007ffaeb910000 - 0x00007ffaeb92f000 	C:\WINDOWS\SYSTEM32\profapi.dll
0x00007ffae5dc0000 - 0x00007ffae5dda000 	C:\1\jre\bin\net.dll
0x00007ffadec80000 - 0x00007ffaded8a000 	C:\WINDOWS\SYSTEM32\WINHTTP.dll
0x00007ffaeb0c0000 - 0x00007ffaeb12a000 	C:\WINDOWS\system32\mswsock.dll
0x00007ffae2560000 - 0x00007ffae2574000 	C:\1\jre\bin\nio.dll
0x00007ffae5d90000 - 0x00007ffae5db7000 	C:\Users\hp\.gradle\native\e1d6ef7f7dcc3fd88c89a11ec53ec762bb8ba0a96d01ffa2cd45eb1d1d8dd5c5\windows-amd64\native-platform.dll
0x00007ffab9430000 - 0x00007ffab9574000 	C:\Users\hp\.gradle\native\5664cfc778a61ccfe75a443a1ab52a65af34e5dc3c78e0209fed803814484fcb\windows-amd64\native-platform-file-events.dll
0x00007ffae5d70000 - 0x00007ffae5d7a000 	C:\1\jre\bin\management.dll
0x00007ffae5cf0000 - 0x00007ffae5cfd000 	C:\1\jre\bin\management_ext.dll
0x00007ffaeb2b0000 - 0x00007ffaeb2c8000 	C:\WINDOWS\SYSTEM32\CRYPTSP.dll
0x00007ffaeaa40000 - 0x00007ffaeaa74000 	C:\WINDOWS\system32\rsaenh.dll
0x00007ffaec060000 - 0x00007ffaec087000 	C:\WINDOWS\System32\bcrypt.dll
0x00007ffaeb8d0000 - 0x00007ffaeb8fe000 	C:\WINDOWS\SYSTEM32\USERENV.dll
0x00007ffaeb2d0000 - 0x00007ffaeb2dc000 	C:\WINDOWS\SYSTEM32\CRYPTBASE.dll
0x00007ffaeadb0000 - 0x00007ffaeadeb000 	C:\WINDOWS\SYSTEM32\IPHLPAPI.DLL
0x00007ffaed4c0000 - 0x00007ffaed4c8000 	C:\WINDOWS\System32\NSI.dll
0x00007ffae2620000 - 0x00007ffae2637000 	C:\WINDOWS\SYSTEM32\dhcpcsvc6.DLL
0x00007ffae3210000 - 0x00007ffae322d000 	C:\WINDOWS\SYSTEM32\dhcpcsvc.DLL
0x00007ffaeadf0000 - 0x00007ffaeaeba000 	C:\WINDOWS\SYSTEM32\DNSAPI.dll

dbghelp: loaded successfully - version: 4.0.5 - missing functions: none
symbol engine: initialized successfully - sym options: 0x614 - pdb path: .;C:\1\jre\bin;C:\WINDOWS\SYSTEM32;C:\WINDOWS\WinSxS\amd64_microsoft.windows.common-controls_6595b64144ccf1df_6.0.19041.1110_none_60b5254171f9507e;C:\1\jre\bin\server;C:\Users\hp\.gradle\native\e1d6ef7f7dcc3fd88c89a11ec53ec762bb8ba0a96d01ffa2cd45eb1d1d8dd5c5\windows-amd64;C:\Users\hp\.gradle\native\5664cfc778a61ccfe75a443a1ab52a65af34e5dc3c78e0209fed803814484fcb\windows-amd64

VM Arguments:
jvm_args: --add-opens=java.base/java.util=ALL-UNNAMED --add-opens=java.base/java.lang=ALL-UNNAMED --add-opens=java.base/java.lang.invoke=ALL-UNNAMED --add-opens=java.base/java.util=ALL-UNNAMED --add-opens=java.prefs/java.util.prefs=ALL-UNNAMED --add-opens=java.prefs/java.util.prefs=ALL-UNNAMED --add-opens=java.base/java.nio.charset=ALL-UNNAMED --add-opens=java.base/java.net=ALL-UNNAMED --add-opens=java.base/java.util.concurrent.atomic=ALL-UNNAMED -Xmx2048m -Dfile.encoding=UTF-8 -Duser.country=US -Duser.language=en -Duser.variant 
java_command: org.gradle.launcher.daemon.bootstrap.GradleDaemon 7.3.3
java_class_path (initial): C:\Users\hp\.gradle\wrapper\dists\gradle-7.3.3-bin\6a41zxkdtcxs8rphpq6y0069z\gradle-7.3.3\lib\gradle-launcher-7.3.3.jar
Launcher Type: SUN_STANDARD

[Global flags]
     intx CICompilerCount                          = 3                                         {product} {ergonomic}
     uint ConcGCThreads                            = 1                                         {product} {ergonomic}
     uint G1ConcRefinementThreads                  = 4                                         {product} {ergonomic}
   size_t G1HeapRegionSize                         = 1048576                                   {product} {ergonomic}
    uintx GCDrainStackTargetSize                   = 64                                        {product} {ergonomic}
   size_t InitialHeapSize                          = 134217728                                 {product} {ergonomic}
   size_t MarkStackSize                            = 4194304                                   {product} {ergonomic}
   size_t MaxHeapSize                              = 2147483648                                {product} {command line}
   size_t MaxNewSize                               = 1287651328                                {product} {ergonomic}
   size_t MinHeapDeltaBytes                        = 1048576                                   {product} {ergonomic}
    uintx NonNMethodCodeHeapSize                   = 5830732                                {pd product} {ergonomic}
    uintx NonProfiledCodeHeapSize                  = 122913754                              {pd product} {ergonomic}
    uintx ProfiledCodeHeapSize                     = 122913754                              {pd product} {ergonomic}
    uintx ReservedCodeCacheSize                    = 251658240                              {pd product} {ergonomic}
     bool SegmentedCodeCache                       = true                                      {product} {ergonomic}
     bool UseCompressedClassPointers               = true                                 {lp64_product} {ergonomic}
     bool UseCompressedOops                        = true                                 {lp64_product} {ergonomic}
     bool UseG1GC                                  = true                                      {product} {ergonomic}
     bool UseLargePagesIndividualAllocation        = false                                  {pd product} {ergonomic}

Logging:
Log output configuration:
 #0: stdout all=warning uptime,level,tags
 #1: stderr all=off uptime,level,tags

Environment Variables:
PATH=C:\Program Files (x86)\Common Files\Oracle\Java\javapath;C:\ProgramData\Oracle\Java\javapath;C:\Program Files (x86)\Common Files\Intel\Shared Libraries\redist\intel64\compiler;C:\WINDOWS\system32;C:\WINDOWS;C:\WINDOWS\System32\Wbem;C:\WINDOWS\System32\WindowsPowerShell\v1.0\;C:\Program Files\Microsoft SQL Server\Client SDK\ODBC\170\Tools\Binn\;C:\Program Files (x86)\Microsoft SQL Server\150\Tools\Binn\;C:\Program Files\Microsoft SQL Server\150\Tools\Binn\;C:\Program Files\Microsoft SQL Server\150\DTS\Binn\;C:\Program Files (x86)\Microsoft SQL Server\150\DTS\Binn\;C:\Program Files\Azure Data Studio\bin;C:\Program Files\Microsoft SQL Server\130\Tools\Binn\;C:\Program Files (x86)\dotnet\;C:\WINDOWS\System32\OpenSSH\;C:\Program Files\Git\cmd;C:\Users\hp\AppData\Local\Microsoft\WindowsApps;;C:\Program Files\Azure Data Studio\bin;D:\M\Microsoft VS Code\bin
USERNAME=hp
OS=Windows_NT
PROCESSOR_IDENTIFIER=Intel64 Family 6 Model 58 Stepping 9, GenuineIntel



---------------  S Y S T E M  ---------------

OS: Windows 10 , 64 bit Build 19041 (10.0.19041.1889)
OS uptime: 0 days 4:30 hours

CPU:total 4 (initial active 4) (2 cores per cpu, 2 threads per core) family 6 model 58 stepping 9 microcode 0x21, cmov, cx8, fxsr, mmx, sse, sse2, sse3, ssse3, sse4.1, sse4.2, popcnt, avx, aes, clmul, erms, ht, tsc, tscinvbit, tscinv

Memory: 4k page, system-wide physical 8084M (497M free)
TotalPageFile size 23197M (AvailPageFile size 3M)
current process WorkingSet (physical memory assigned to process): 400M, peak: 422M
current process commit charge ("private bytes"): 451M, peak: 461M

vm_info: OpenJDK 64-Bit Server VM (11.0.12+7-b1504.28-7817840) for windows-amd64 JRE (11.0.12+7-b1504.28-7817840), built on Oct 13 2021 22:12:33 by "builder" with MS VC++ 14.0 (VS2015)

END.
